<?xml version="1.0" encoding="UTF-8"?>
<!-- Generated by org.testng.reporters.JUnitXMLReporter -->
<testsuite ignored="0" hostname="BINTERNS-QA5L" failures="0" tests="4" name="Surefire test" time="10.191" errors="0" timestamp="2023-03-07T16:28:09 IST">
  <testcase classname="TestNG_Demo.groupingTest$test_demo" name="loginByEmail" time="10.149"/>
  <testcase classname="TestNG_Demo.TestNG1" name="myTestCaseWithPriority" time="0.001"/>
  <testcase classname="TestNG_Demo.groupingTest$test_demo" name="loginByFacebook" time="0.0"/>
  <testcase classname="TestNG_Demo.groupingTest$test_demo" name="loginByTwitter" time="0.001"/>
</testsuite> <!-- Surefire test -->
