<?xml version="1.0" encoding="UTF-8"?>
<!-- Generated by org.testng.reporters.JUnitXMLReporter -->
<testsuite ignored="0" hostname="BINTERNS-QA5L" failures="0" tests="2" name="chrome" time="0.009" errors="0" timestamp="2023-03-07T17:34:50 IST">
  <testcase classname="POMDEmo.parallelTesting" name="testLogo" time="0.0">
    <skipped/>
  </testcase> <!-- testLogo -->
  <testcase classname="POMDEmo.parallelTesting" name="testHomePageTitle" time="0.0">
    <skipped/>
  </testcase> <!-- testHomePageTitle -->
</testsuite> <!-- chrome -->
