<?xml version="1.0" encoding="UTF-8"?>
<testng-results ignored="0" total="4" passed="4" failed="0" skipped="0">
  <reporter-output>
  </reporter-output>
  <suite started-at="2023-03-07T16:27:59 IST" name="Surefire suite" finished-at="2023-03-07T16:28:09 IST" duration-ms="10191">
    <groups>
      <group name="regression">
        <method signature="groupingTest$test_demo.loginByEmail()[pri:1, instance:TestNG_Demo.groupingTest$test_demo@6e0dec4a]" name="loginByEmail" class="TestNG_Demo.groupingTest$test_demo"/>
      </group> <!-- regression -->
      <group name="sanity">
        <method signature="groupingTest$test_demo.loginByEmail()[pri:1, instance:TestNG_Demo.groupingTest$test_demo@6e0dec4a]" name="loginByEmail" class="TestNG_Demo.groupingTest$test_demo"/>
        <method signature="groupingTest$test_demo.loginByFacebook()[pri:2, instance:TestNG_Demo.groupingTest$test_demo@6e0dec4a]" name="loginByFacebook" class="TestNG_Demo.groupingTest$test_demo"/>
        <method signature="groupingTest$test_demo.loginByTwitter()[pri:3, instance:TestNG_Demo.groupingTest$test_demo@6e0dec4a]" name="loginByTwitter" class="TestNG_Demo.groupingTest$test_demo"/>
      </group> <!-- sanity -->
    </groups>
    <test started-at="2023-03-07T16:27:59 IST" name="Surefire test" finished-at="2023-03-07T16:28:09 IST" duration-ms="10191">
      <class name="TestNG_Demo.groupingTest$test_demo">
        <test-method signature="loginByEmail()[pri:1, instance:TestNG_Demo.groupingTest$test_demo@6e0dec4a]" started-at="2023-03-07T16:27:59 IST" name="loginByEmail" finished-at="2023-03-07T16:28:09 IST" duration-ms="10149" status="PASS">
          <reporter-output>
          </reporter-output>
        </test-method> <!-- loginByEmail -->
        <test-method signature="loginByFacebook()[pri:2, instance:TestNG_Demo.groupingTest$test_demo@6e0dec4a]" started-at="2023-03-07T16:28:09 IST" name="loginByFacebook" finished-at="2023-03-07T16:28:09 IST" duration-ms="0" status="PASS">
          <reporter-output>
          </reporter-output>
        </test-method> <!-- loginByFacebook -->
        <test-method signature="loginByTwitter()[pri:3, instance:TestNG_Demo.groupingTest$test_demo@6e0dec4a]" started-at="2023-03-07T16:28:09 IST" name="loginByTwitter" finished-at="2023-03-07T16:28:09 IST" duration-ms="1" status="PASS">
          <reporter-output>
          </reporter-output>
        </test-method> <!-- loginByTwitter -->
      </class> <!-- TestNG_Demo.groupingTest$test_demo -->
      <class name="TestNG_Demo.TestNG1">
        <test-method signature="myTestCaseWithPriority()[pri:1, instance:TestNG_Demo.TestNG1@60d8c9b7]" started-at="2023-03-07T16:28:09 IST" name="myTestCaseWithPriority" finished-at="2023-03-07T16:28:09 IST" duration-ms="1" status="PASS">
          <reporter-output>
          </reporter-output>
        </test-method> <!-- myTestCaseWithPriority -->
      </class> <!-- TestNG_Demo.TestNG1 -->
    </test> <!-- Surefire test -->
  </suite> <!-- Surefire suite -->
</testng-results>
